<?xml version="1.0" encoding="UTF-8" ?>
<testsuite tests="38" failures="0" name="volgyerdo.commons.primitive.ArrayUtilsTest" time="0.267" errors="0" skipped="0">
  <properties>
[...]
</properties>
  <testcase classname="volgyerdo.commons.primitive.ArrayUtilsTest" name="testReverse_shortArr" time="0"/>
  <testcase classname="volgyerdo.commons.primitive.ArrayUtilsTest" name="testMultiply_shortArr_short" time="0"/>
  <testcase classname="volgyerdo.commons.primitive.ArrayUtilsTest" name="testToByteArray_floatArr" time="0"/>
  <testcase classname="volgyerdo.commons.primitive.ArrayUtilsTest" name="testSum" time="0"/>
  <testcase classname="volgyerdo.commons.primitive.ArrayUtilsTest" name="testDevide_floatArr_float" time="0"/>
  <testcase classname="volgyerdo.commons.primitive.ArrayUtilsTest" name="testToByteArray_longArr" time="0"/>
  <testcase classname="volgyerdo.commons.primitive.ArrayUtilsTest" name="testProduct" time="0"/>
  <testcase classname="volgyerdo.commons.primitive.ArrayUtilsTest" name="testDoubleBooleanConversion" time="0.08"/>
  <testcase classname="volgyerdo.commons.primitive.ArrayUtilsTest" name="testAdd_shortArr_short" time="0"/>
  <testcase classname="volgyerdo.commons.primitive.ArrayUtilsTest" name="testByteBooleanConversion" time="0.008"/>
  <testcase classname="volgyerdo.commons.primitive.ArrayUtilsTest" name="testMultiply_floatArr_float" time="0"/>
  <testcase classname="volgyerdo.commons.primitive.ArrayUtilsTest" name="testIntBooleanConversion" time="0.129"/>
  <testcase classname="volgyerdo.commons.primitive.ArrayUtilsTest" name="testToByteArray_charArr" time="0"/>
  <testcase classname="volgyerdo.commons.primitive.ArrayUtilsTest" name="testToByteArray_doubleArr" time="0"/>
  <testcase classname="volgyerdo.commons.primitive.ArrayUtilsTest" name="testLongBooleanConversion" time="0.012"/>
  <testcase classname="volgyerdo.commons.primitive.ArrayUtilsTest" name="testReverse_floatArr" time="0"/>
  <testcase classname="volgyerdo.commons.primitive.ArrayUtilsTest" name="testToByteArray_shortArr" time="0"/>
  <testcase classname="volgyerdo.commons.primitive.ArrayUtilsTest" name="testProcess_floatArr_FloatArrayOperator" time="0"/>
  <testcase classname="volgyerdo.commons.primitive.ArrayUtilsTest" name="testFloatBooleanConversion" time="0.038"/>
  <testcase classname="volgyerdo.commons.primitive.ArrayUtilsTest" name="testRandomize_3args_1" time="0"/>
  <testcase classname="volgyerdo.commons.primitive.ArrayUtilsTest" name="testRandomize_3args_2" time="0"/>
  <testcase classname="volgyerdo.commons.primitive.ArrayUtilsTest" name="testRandomize_3args_3" time="0"/>
  <testcase classname="volgyerdo.commons.primitive.ArrayUtilsTest" name="testDevide_byteArr_byte" time="0"/>
  <testcase classname="volgyerdo.commons.primitive.ArrayUtilsTest" name="testToByteArray_Object" time="0"/>
  <testcase classname="volgyerdo.commons.primitive.ArrayUtilsTest" name="testAdd_floatArr_float" time="0"/>
  <testcase classname="volgyerdo.commons.primitive.ArrayUtilsTest" name="testToByteArray_booleanArr" time="0"/>
  <testcase classname="volgyerdo.commons.primitive.ArrayUtilsTest" name="testReverse_byteArr" time="0"/>
  <testcase classname="volgyerdo.commons.primitive.ArrayUtilsTest" name="testProcess_byteArr_ByteArrayOperator" time="0"/>
  <testcase classname="volgyerdo.commons.primitive.ArrayUtilsTest" name="testToGZIPByteArray" time="0"/>
  <testcase classname="volgyerdo.commons.primitive.ArrayUtilsTest" name="testToBooleanArray" time="0"/>
  <testcase classname="volgyerdo.commons.primitive.ArrayUtilsTest" name="testMultiply_byteArr_byte" time="0"/>
  <testcase classname="volgyerdo.commons.primitive.ArrayUtilsTest" name="testAdd_byteArr_byte" time="0"/>
  <testcase classname="volgyerdo.commons.primitive.ArrayUtilsTest" name="testToByteArray_intArr" time="0"/>
  <testcase classname="volgyerdo.commons.primitive.ArrayUtilsTest" name="testReverse_intArr" time="0"/>
  <testcase classname="volgyerdo.commons.primitive.ArrayUtilsTest" name="testToGZIP" time="0"/>
  <testcase classname="volgyerdo.commons.primitive.ArrayUtilsTest" name="testShortBooleanConversion" time="0"/>
  <testcase classname="volgyerdo.commons.primitive.ArrayUtilsTest" name="testDevide_shortArr_short" time="0"/>
  <testcase classname="volgyerdo.commons.primitive.ArrayUtilsTest" name="testProcess_shortArr_ShortArrayOperator" time="0"/>
</testsuite>