<?xml version="1.0" encoding="UTF-8" ?>
<testsuite tests="28" failures="0" name="volgyerdo.commons.math.tensor.ByteTensorTest" time="0.016" errors="0" skipped="0">
  <properties>
[...]
</properties>
  <testcase classname="volgyerdo.commons.math.tensor.ByteTensorTest" name="testRotateTensor" time="0"/>
  <testcase classname="volgyerdo.commons.math.tensor.ByteTensorTest" name="testAddByte" time="0"/>
  <testcase classname="volgyerdo.commons.math.tensor.ByteTensorTest" name="testRandomizeFloat" time="0"/>
  <testcase classname="volgyerdo.commons.math.tensor.ByteTensorTest" name="testRandomizeShort" time="0"/>
  <testcase classname="volgyerdo.commons.math.tensor.ByteTensorTest" name="testGetShortValue" time="0"/>
  <testcase classname="volgyerdo.commons.math.tensor.ByteTensorTest" name="testGetByteValue" time="0.001"/>
  <testcase classname="volgyerdo.commons.math.tensor.ByteTensorTest" name="testConvolvePartial" time="0.002"/>
  <testcase classname="volgyerdo.commons.math.tensor.ByteTensorTest" name="testSetObjectValue" time="0"/>
  <testcase classname="volgyerdo.commons.math.tensor.ByteTensorTest" name="testCloneTensor" time="0"/>
  <testcase classname="volgyerdo.commons.math.tensor.ByteTensorTest" name="testAddFloat" time="0.001"/>
  <testcase classname="volgyerdo.commons.math.tensor.ByteTensorTest" name="testAddShort" time="0"/>
  <testcase classname="volgyerdo.commons.math.tensor.ByteTensorTest" name="testSetShortValue" time="0.002"/>
  <testcase classname="volgyerdo.commons.math.tensor.ByteTensorTest" name="testHadamardProduct" time="0"/>
  <testcase classname="volgyerdo.commons.math.tensor.ByteTensorTest" name="testSubstractByte" time="0"/>
  <testcase classname="volgyerdo.commons.math.tensor.ByteTensorTest" name="testRandomizeByte" time="0"/>
  <testcase classname="volgyerdo.commons.math.tensor.ByteTensorTest" name="testConvolve" time="0.002"/>
  <testcase classname="volgyerdo.commons.math.tensor.ByteTensorTest" name="testSubstarctTensor" time="0"/>
  <testcase classname="volgyerdo.commons.math.tensor.ByteTensorTest" name="testTransposeTensor" time="0"/>
  <testcase classname="volgyerdo.commons.math.tensor.ByteTensorTest" name="testSetByteValue" time="0.001"/>
  <testcase classname="volgyerdo.commons.math.tensor.ByteTensorTest" name="testGetFloatValue" time="0.002"/>
  <testcase classname="volgyerdo.commons.math.tensor.ByteTensorTest" name="testAddTensor" time="0"/>
  <testcase classname="volgyerdo.commons.math.tensor.ByteTensorTest" name="testGetObjectValue" time="0"/>
  <testcase classname="volgyerdo.commons.math.tensor.ByteTensorTest" name="testNegateTensor" time="0"/>
  <testcase classname="volgyerdo.commons.math.tensor.ByteTensorTest" name="testEquals" time="0"/>
  <testcase classname="volgyerdo.commons.math.tensor.ByteTensorTest" name="testSetFloatValue" time="0.001"/>
  <testcase classname="volgyerdo.commons.math.tensor.ByteTensorTest" name="testMultiply" time="0.004"/>
  <testcase classname="volgyerdo.commons.math.tensor.ByteTensorTest" name="testSubstractFloat" time="0"/>
  <testcase classname="volgyerdo.commons.math.tensor.ByteTensorTest" name="testSubstarctShort" time="0"/>
</testsuite>